[INFO] Scanning for projects...
[INFO] 
[INFO] --------------------< com.ironclad:ironclad-server >--------------------
[INFO] Building ironclad-server 0.0.1-SNAPSHOT
[INFO]   from pom.xml
[INFO] --------------------------------[ jar ]---------------------------------
[INFO] 
[INFO] >>> spring-boot:3.2.0:run (default-cli) > test-compile @ ironclad-server >>>
[INFO] 
[INFO] --- resources:3.3.1:resources (default-resources) @ ironclad-server ---
[INFO] Copying 1 resource from src\main\resources to target\classes
[INFO] Copying 0 resource from src\main\resources to target\classes
[INFO] 
[INFO] --- compiler:3.11.0:compile (default-compile) @ ironclad-server ---
[INFO] Nothing to compile - all classes are up to date
[INFO] 
[INFO] --- resources:3.3.1:testResources (default-testResources) @ ironclad-server ---
[INFO] skip non existing resourceDirectory C:\Users\SUBRATO KUNDU\Desktop\NEW WORK\Ironclad\server\src\test\resources
[INFO] 
[INFO] --- compiler:3.11.0:testCompile (default-testCompile) @ ironclad-server ---
[INFO] Nothing to compile - all classes are up to date
[INFO] 
[INFO] <<< spring-boot:3.2.0:run (default-cli) < test-compile @ ironclad-server <<<
[INFO] 
[INFO] 
[INFO] --- spring-boot:3.2.0:run (default-cli) @ ironclad-server ---
[INFO] Attaching agents: []

  .   ____          _            __ _ _
 /\\ / ___'_ __ _ _(_)_ __  __ _ \ \ \ \
( ( )\___ | '_ | '_| | '_ \/ _` | \ \ \ \
 \\/  ___)| |_)| | | | | || (_| |  ) ) ) )
  '  |____| .__|_| |_|_| |_\__, | / / / /
 =========|_|==============|___/=/_/_/_/
 :: Spring Boot ::                (v3.2.0)

2025-12-26T23:23:50.652+05:30  INFO 5392 --- [ironclad-server] [           main] com.ironclad.IroncladApplication         : Starting IroncladApplication using Java 23.0.1 with PID 5392 (C:\Users\SUBRATO KUNDU\Desktop\NEW WORK\Ironclad\server\target\classes started by SUBRATO KUNDU in C:\Users\SUBRATO KUNDU\Desktop\NEW WORK\Ironclad\server)
2025-12-26T23:23:50.652+05:30 DEBUG 5392 --- [ironclad-server] [           main] com.ironclad.IroncladApplication         : Running with Spring Boot v3.2.0, Spring v6.1.1
2025-12-26T23:23:50.652+05:30  INFO 5392 --- [ironclad-server] [           main] com.ironclad.IroncladApplication         : No active profile set, falling back to 1 default profile: "default"
2025-12-26T23:23:51.489+05:30  INFO 5392 --- [ironclad-server] [           main] .s.d.r.c.RepositoryConfigurationDelegate : Bootstrapping Spring Data JPA repositories in DEFAULT mode.
2025-12-26T23:23:51.561+05:30  INFO 5392 --- [ironclad-server] [           main] .s.d.r.c.RepositoryConfigurationDelegate : Finished Spring Data repository scanning in 59 ms. Found 4 JPA repository interfaces.
2025-12-26T23:23:52.206+05:30  INFO 5392 --- [ironclad-server] [           main] o.s.b.w.embedded.tomcat.TomcatWebServer  : Tomcat initialized with port 8080 (http)
2025-12-26T23:23:52.218+05:30  INFO 5392 --- [ironclad-server] [           main] o.apache.catalina.core.StandardService   : Starting service [Tomcat]
2025-12-26T23:23:52.218+05:30  INFO 5392 --- [ironclad-server] [           main] o.apache.catalina.core.StandardEngine    : Starting Servlet engine: [Apache Tomcat/10.1.16]
2025-12-26T23:23:52.286+05:30  INFO 5392 --- [ironclad-server] [           main] o.a.c.c.C.[Tomcat].[localhost].[/]       : Initializing Spring embedded WebApplicationContext
2025-12-26T23:23:52.289+05:30  INFO 5392 --- [ironclad-server] [           main] w.s.c.ServletWebServerApplicationContext : Root WebApplicationContext: initialization completed in 1557 ms
2025-12-26T23:23:52.336+05:30  INFO 5392 --- [ironclad-server] [           main] com.zaxxer.hikari.HikariDataSource       : HikariPool-1 - Starting...
2025-12-26T23:23:52.538+05:30  INFO 5392 --- [ironclad-server] [           main] com.zaxxer.hikari.pool.HikariPool        : HikariPool-1 - Added connection conn0: url=jdbc:h2:mem:ironclad user=SA
2025-12-26T23:23:52.541+05:30  INFO 5392 --- [ironclad-server] [           main] com.zaxxer.hikari.HikariDataSource       : HikariPool-1 - Start completed.
2025-12-26T23:23:52.552+05:30  INFO 5392 --- [ironclad-server] [           main] o.s.b.a.h2.H2ConsoleAutoConfiguration    : H2 console available at '/h2-console'. Database available at 'jdbc:h2:mem:ironclad'
2025-12-26T23:23:52.773+05:30  INFO 5392 --- [ironclad-server] [           main] o.hibernate.jpa.internal.util.LogHelper  : HHH000204: Processing PersistenceUnitInfo [name: default]
2025-12-26T23:23:52.933+05:30  INFO 5392 --- [ironclad-server] [           main] org.hibernate.Version                    : HHH000412: Hibernate ORM core version 6.3.1.Final
2025-12-26T23:23:53.004+05:30  INFO 5392 --- [ironclad-server] [           main] o.h.c.internal.RegionFactoryInitiator    : HHH000026: Second-level cache disabled
2025-12-26T23:23:53.416+05:30  INFO 5392 --- [ironclad-server] [           main] o.s.o.j.p.SpringPersistenceUnitInfo      : No LoadTimeWeaver setup: ignoring JPA class transformer
2025-12-26T23:23:53.518+05:30  WARN 5392 --- [ironclad-server] [           main] org.hibernate.orm.deprecation            : HHH90000025: H2Dialect does not need to be specified explicitly using 'hibernate.dialect' (remove the property setting and it will be selected by default)
2025-12-26T23:23:54.961+05:30  INFO 5392 --- [ironclad-server] [           main] o.h.e.t.j.p.i.JtaPlatformInitiator       : HHH000489: No JTA platform available (set 'hibernate.transaction.jta.platform' to enable JTA platform integration)
2025-12-26T23:23:55.042+05:30  INFO 5392 --- [ironclad-server] [           main] j.LocalContainerEntityManagerFactoryBean : Initialized JPA EntityManagerFactory for persistence unit 'default'
2025-12-26T23:23:55.819+05:30  WARN 5392 --- [ironclad-server] [           main] JpaBaseConfiguration$JpaWebConfiguration : spring.jpa.open-in-view is enabled by default. Therefore, database queries may be performed during view rendering. Explicitly configure spring.jpa.open-in-view to disable this warning
2025-12-26T23:23:56.247+05:30  WARN 5392 --- [ironclad-server] [           main] .s.s.UserDetailsServiceAutoConfiguration : 

Using generated security password: 3db8ff54-dfb5-4a28-9bca-ae08511d2ddf

This generated password is for development use only. Your security configuration must be updated before running your application in production.

2025-12-26T23:23:56.424+05:30  INFO 5392 --- [ironclad-server] [           main] o.s.s.web.DefaultSecurityFilterChain     : Will secure any request with [org.springframework.security.web.session.DisableEncodeUrlFilter@7aad7df5, org.springframework.security.web.context.request.async.WebAsyncManagerIntegrationFilter@7fd7085d, org.springframework.security.web.context.SecurityContextHolderFilter@1dba7721, org.springframework.security.web.header.HeaderWriterFilter@20f3291d, org.springframework.web.filter.CorsFilter@69cc3370, org.springframework.security.web.csrf.CsrfFilter@69374e28, org.springframework.security.web.authentication.logout.LogoutFilter@738ae785, org.springframework.security.web.authentication.UsernamePasswordAuthenticationFilter@949165f, org.springframework.security.web.authentication.ui.DefaultLoginPageGeneratingFilter@1cf7c055, org.springframework.security.web.authentication.ui.DefaultLogoutPageGeneratingFilter@9120cb5, org.springframework.security.web.authentication.www.BasicAuthenticationFilter@27d44578, org.springframework.security.web.savedrequest.RequestCacheAwareFilter@6c3627c, org.springframework.security.web.servletapi.SecurityContextHolderAwareRequestFilter@e5d9fa7, org.springframework.security.web.authentication.AnonymousAuthenticationFilter@18419ab7, org.springframework.security.web.access.ExceptionTranslationFilter@2a5c115b, org.springframework.security.web.access.intercept.AuthorizationFilter@64710a6]
2025-12-26T23:23:56.504+05:30  INFO 5392 --- [ironclad-server] [           main] o.s.b.w.embedded.tomcat.TomcatWebServer  : Tomcat started on port 8080 (http) with context path ''
2025-12-26T23:23:56.504+05:30  INFO 5392 --- [ironclad-server] [           main] o.s.m.s.b.SimpleBrokerMessageHandler     : Starting...
2025-12-26T23:23:56.504+05:30  INFO 5392 --- [ironclad-server] [           main] o.s.m.s.b.SimpleBrokerMessageHandler     : BrokerAvailabilityEvent[available=true, SimpleBrokerMessageHandler [org.springframework.messaging.simp.broker.DefaultSubscriptionRegistry@77430c79]]
2025-12-26T23:23:56.511+05:30  INFO 5392 --- [ironclad-server] [           main] o.s.m.s.b.SimpleBrokerMessageHandler     : Started.
2025-12-26T23:23:56.511+05:30  INFO 5392 --- [ironclad-server] [           main] com.ironclad.IroncladApplication         : Started IroncladApplication in 6.274 seconds (process running for 6.714)
2025-12-26T23:24:56.477+05:30  INFO 5392 --- [ironclad-server] [MessageBroker-1] o.s.w.s.c.WebSocketMessageBrokerStats    : WebSocketSession[0 current WS(0)-HttpStream(0)-HttpPoll(0), 0 total, 0 closed abnormally (0 connect failure, 0 send limit, 0 transport error)], stompSubProtocol[processed CONNECT(0)-CONNECTED(0)-DISCONNECT(0)], stompBrokerRelay[null], inboundChannel[pool size = 0, active threads = 0, queued tasks = 0, completed tasks = 0], outboundChannel[pool size = 0, active threads = 0, queued tasks = 0, completed tasks = 0], sockJsScheduler[pool size = 1, active threads = 1, queued tasks = 0, completed tasks = 0]
2025-12-26T23:54:38.900+05:30  WARN 5392 --- [ironclad-server] [l-1 housekeeper] com.zaxxer.hikari.pool.HikariPool        : HikariPool-1 - Thread starvation or clock leap detected (housekeeper delta=12m15s510ms167┬╡s600ns).
2025-12-27T00:07:45.011+05:30  WARN 5392 --- [ironclad-server] [l-1 housekeeper] com.zaxxer.hikari.pool.HikariPool        : HikariPool-1 - Thread starvation or clock leap detected (housekeeper delta=6m35s818ms341┬╡s800ns).
2025-12-27T00:12:48.138+05:30  INFO 5392 --- [ironclad-server] [MessageBroker-1] o.s.w.s.c.WebSocketMessageBrokerStats    : WebSocketSession[0 current WS(0)-HttpStream(0)-HttpPoll(0), 0 total, 0 closed abnormally (0 connect failure, 0 send limit, 0 transport error)], stompSubProtocol[processed CONNECT(0)-CONNECTED(0)-DISCONNECT(0)], stompBrokerRelay[null], inboundChannel[pool size = 0, active threads = 0, queued tasks = 0, completed tasks = 0], outboundChannel[pool size = 0, active threads = 0, queued tasks = 0, completed tasks = 0], sockJsScheduler[pool size = 2, active threads = 1, queued tasks = 0, completed tasks = 1]
